Arguments: 
  C:\Program Files\nodejs\node.exe C:\Program Files\nodejs\node_modules\yarn\bin\yarn.js install

PATH: 
  C:\Users\pedro.barros\Downloads\cmder\bin;C:\Users\pedro.barros\Downloads\cmder\vendor\conemu-maximus5\ConEmu\Scripts;C:\Users\pedro.barros\Downloads\cmder\vendor\conemu-maximus5;C:\Users\pedro.barros\Downloads\cmder\vendor\conemu-maximus5\ConEmu;C:\Program Files\Docker\Docker\Resources\bin;C:\ProgramData\Oracle\Java\javapath;C:\WINDOWS\system32;C:\WINDOWS;C:\WINDOWS\System32\Wbem;C:\WINDOWS\System32\WindowsPowerShell\v1.0\;C:\Program Files\Git\cmd;C:\Program Files\Git\mingw64\bin;C:\Program Files\Git\usr\bin;C:\Users\pedro.barros\AppData\Roaming\nvm;C:\Program Files\nodejs;C:\Program Files\Microsoft SQL Server\120\Tools\Binn\;C:\Program Files\Microsoft SQL Server\Client SDK\ODBC\110\Tools\Binn\;C:\Program Files (x86)\Microsoft SQL Server\120\Tools\Binn\ManagementStudio\;C:\Program Files (x86)\Microsoft SQL Server\120\Tools\Binn\;C:\Program Files (x86)\Microsoft SQL Server\120\DTS\Binn\;C:\Program Files\Microsoft SQL Server\120\DTS\Binn\;C:\Program Files (x86)\Skype\Phone\;C:\Program Files (x86)\Microsoft Emulator Manager\1.0\;C:\Program Files (x86)\nodejs\;C:\Program Files (x86)\Windows Kits\10\Windows Performance Toolkit\;C:\Program Files\MongoDB\Server\3.2\bin;C:\Program Files (x86)\Heroku\bin;C:\Program Files (x86)\git\cmd;C:\Program Files (x86)\Git\cmd;C:\Program Files\dotnet\;C:\Program Files\PostgreSQL\9.6\bin;C:\xampp\php;C:\ProgramData\ComposerSetup\bin;C:\Program Files\erl8.0\bin;C:\Program Files (x86)\Elixir\bin;C:\Users\pedro.barros\.mix\escripts;C:\ProgramData\chocolatey\bin;C:\Users\pedro.barros\AppData\Local\Programs\Python\Python35\python.exe;C:\Users\pedro.barros\AppData\Local\Continuum\Anaconda3;C:\Users\pedro.barros\AppData\Local\Continuum\Anaconda3\Scripts;C:\Users\pedro.barros\AppData\Local\Continuum\Anaconda3\Library\bin;C:\Program Files (x86)\Microsoft VS Code\bin;C:\Users\pedro.barros\AppData\Roaming\npm;C:\Users\pedro.barros\AppData\Local\Microsoft\WindowsApps;C:\Users\pedro.barros\AppData\Local\atom\bin;C:\Users\pedro.barros\AppData\Roaming\Composer\vendor\bin;C:\Program Files\Git\usr\bin;C:\Program Files\Git\usr\share\vim\vim74;C:\Users\pedro.barros\Downloads\cmder\

Yarn version: 
  0.17.4

Node version: 
  7.0.0

Platform: 
  win32 x64

npm manifest: 
  {
    "name": "primeng-starter",
    "version": "1.0.0",
    "license": "MIT",
    "angular-cli": {},
    "scripts": {
      "start": "ng serve",
      "lint": "tslint \"src/**/*.ts\"",
      "test": "ng test",
      "pree2e": "webdriver-manager update",
      "e2e": "protractor"
    },
    "private": true,
    "dependencies": {
      "@angular/common": "2.2.3",
      "@angular/compiler": "2.2.3",
      "@angular/core": "2.2.3",
      "@angular/forms": "2.2.3",
      "@angular/http": "2.2.3",
      "@angular/platform-browser": "2.2.3",
      "@angular/platform-browser-dynamic": "2.2.3",
      "@angular/router": "3.2.3",
      "bootstrap": "^4.0.0-alpha.5",
      "core-js": "^2.4.1",
      "font-awesome": "^4.7.0",
      "fullcalendar": "^2.7.2",
      "jquery": "^2.2.4",
      "primeng": "^1.0.0-rc.3",
      "rxjs": "5.0.0-beta.12",
      "ts-helpers": "^1.1.1",
      "zone.js": "^0.6.23"
    },
    "devDependencies": {
     "@angular/compiler-cli": "2.2.3",
      "@types/jasmine": "2.5.38",
      "@types/node": "^6.0.42",
      "angular-cli": "1.0.0-beta.22-1",
      "codelyzer": "~2.0.0-beta.1",
      "jasmine-core": "2.5.2",
      "jasmine-spec-reporter": "2.5.0",
      "karma": "1.2.0",
      "karma-chrome-launcher": "^2.0.0",
      "karma-cli": "^1.0.1",
      "karma-jasmine": "^1.0.2",
      "karma-remap-istanbul": "^0.2.1",
      "protractor": "4.0.9",
      "ts-node": "1.2.1",
      "tslint": "^4.0.2",
      "typescript": "~2.0.3",
      "webdriver-manager": "10.2.5"
    }
  }

yarn manifest: 
  No manifest

Lockfile: 
  No lockfile

Trace: 
  Error: ENOENT: no such file or directory, open 'C:\workspace\primeng-quickstart-cli\node_modules\@types\jasmine\README.md'
